Copyright 1986-2022 Xilinx, Inc. All Rights Reserved.
-------------------------------------------------------------------------------------------------------------------------------------------------------
| Tool Version     : Vivado v.2022.2 (win64) Build 3671981 Fri Oct 14 05:00:03 MDT 2022
| Date             : Sat Feb 25 15:08:28 2023
| Host             : LAPTOP-O93MLLRC running 64-bit major release  (build 9200)
| Command          : report_power -file DDS_wrapper_power_routed.rpt -pb DDS_wrapper_power_summary_routed.pb -rpx DDS_wrapper_power_routed.rpx
| Design           : DDS_wrapper
| Device           : xc7a35tcpg236-1
| Design State     : routed
| Grade            : commercial
| Process          : typical
| Characterization : Production
-------------------------------------------------------------------------------------------------------------------------------------------------------

Power Report

Table of Contents
-----------------
1. Summary
1.1 On-Chip Components
1.2 Power Supply Summary
1.3 Confidence Level
2. Settings
2.1 Environment
2.2 Clock Constraints
3. Detailed Reports
3.1 By Hierarchy

1. Summary
----------

+--------------------------+--------------+
| Total On-Chip Power (W)  | 0.261        |
| Design Power Budget (W)  | Unspecified* |
| Power Budget Margin (W)  | NA           |
| Dynamic (W)              | 0.191        |
| Device Static (W)        | 0.070        |
| Effective TJA (C/W)      | 5.0          |
| Max Ambient (C)          | 83.7         |
| Junction Temperature (C) | 26.3         |
| Confidence Level         | Medium       |
| Setting File             | ---          |
| Simulation Activity File | ---          |
| Design Nets Matched      | NA           |
+--------------------------+--------------+
* Specify Design Power Budget using, set_operating_conditions -design_power_budget <value in Watts>


1.1 On-Chip Components
----------------------

+--------------------------+-----------+----------+-----------+-----------------+
| On-Chip                  | Power (W) | Used     | Available | Utilization (%) |
+--------------------------+-----------+----------+-----------+-----------------+
| Clocks                   |     0.053 |       11 |       --- |             --- |
| Slice Logic              |     0.007 |    29599 |       --- |             --- |
|   LUT as Logic           |     0.006 |     8353 |     20800 |           40.16 |
|   Register               |    <0.001 |    13575 |     41600 |           32.63 |
|   LUT as Distributed RAM |    <0.001 |       88 |      9600 |            0.92 |
|   CARRY4                 |    <0.001 |      407 |      8150 |            4.99 |
|   LUT as Shift Register  |    <0.001 |     1427 |      9600 |           14.86 |
|   F7/F8 Muxes            |    <0.001 |      533 |     32600 |            1.63 |
|   Others                 |    <0.001 |     2293 |       --- |             --- |
| Signals                  |     0.010 |    19090 |       --- |             --- |
| Block RAM                |     0.015 |       21 |        50 |           42.00 |
| MMCM                     |     0.106 |        1 |         5 |           20.00 |
| I/O                      |    <0.001 |        4 |       106 |            3.77 |
| Static Power             |     0.070 |          |           |                 |
| Total                    |     0.261 |          |           |                 |
+--------------------------+-----------+----------+-----------+-----------------+


1.2 Power Supply Summary
------------------------

+-----------+-------------+-----------+-------------+------------+-------------+-------------+------------+
| Source    | Voltage (V) | Total (A) | Dynamic (A) | Static (A) | Powerup (A) | Budget (A)  | Margin (A) |
+-----------+-------------+-----------+-------------+------------+-------------+-------------+------------+
| Vccint    |       1.000 |     0.095 |       0.085 |      0.010 |       NA    | Unspecified | NA         |
| Vccaux    |       1.800 |     0.071 |       0.059 |      0.013 |       NA    | Unspecified | NA         |
| Vcco33    |       3.300 |     0.000 |       0.000 |      0.000 |       NA    | Unspecified | NA         |
| Vcco25    |       2.500 |     0.000 |       0.000 |      0.000 |       NA    | Unspecified | NA         |
| Vcco18    |       1.800 |     0.000 |       0.000 |      0.000 |       NA    | Unspecified | NA         |
| Vcco15    |       1.500 |     0.000 |       0.000 |      0.000 |       NA    | Unspecified | NA         |
| Vcco135   |       1.350 |     0.000 |       0.000 |      0.000 |       NA    | Unspecified | NA         |
| Vcco12    |       1.200 |     0.000 |       0.000 |      0.000 |       NA    | Unspecified | NA         |
| Vccaux_io |       1.800 |     0.000 |       0.000 |      0.000 |       NA    | Unspecified | NA         |
| Vccbram   |       1.000 |     0.002 |       0.001 |      0.001 |       NA    | Unspecified | NA         |
| MGTAVcc   |       1.000 |     0.000 |       0.000 |      0.000 |       NA    | Unspecified | NA         |
| MGTAVtt   |       1.200 |     0.000 |       0.000 |      0.000 |       NA    | Unspecified | NA         |
| Vccadc    |       1.800 |     0.020 |       0.000 |      0.020 |       NA    | Unspecified | NA         |
+-----------+-------------+-----------+-------------+------------+-------------+-------------+------------+


1.3 Confidence Level
--------------------

+-----------------------------+------------+-------------------------------------------------------+------------------------------------------------------------------------------------------------------------+
| User Input Data             | Confidence | Details                                               | Action                                                                                                     |
+-----------------------------+------------+-------------------------------------------------------+------------------------------------------------------------------------------------------------------------+
| Design implementation state | High       | Design is routed                                      |                                                                                                            |
| Clock nodes activity        | High       | User specified more than 95% of clocks                |                                                                                                            |
| I/O nodes activity          | Medium     | More than 5% of inputs are missing user specification | Provide missing input activity with simulation results or by editing the "By Resource Type -> I/Os" view   |
| Internal nodes activity     | Medium     | User specified less than 25% of internal nodes        | Provide missing internal nodes activity with simulation results or by editing the "By Resource Type" views |
| Device models               | High       | Device models are Production                          |                                                                                                            |
|                             |            |                                                       |                                                                                                            |
| Overall confidence level    | Medium     |                                                       |                                                                                                            |
+-----------------------------+------------+-------------------------------------------------------+------------------------------------------------------------------------------------------------------------+


2. Settings
-----------

2.1 Environment
---------------

+-----------------------+--------------------------+
| Ambient Temp (C)      | 25.0                     |
| ThetaJA (C/W)         | 5.0                      |
| Airflow (LFM)         | 250                      |
| Heat Sink             | medium (Medium Profile)  |
| ThetaSA (C/W)         | 4.6                      |
| Board Selection       | medium (10"x10")         |
| # of Board Layers     | 12to15 (12 to 15 Layers) |
| Board Temperature (C) | 25.0                     |
+-----------------------+--------------------------+


2.2 Clock Constraints
---------------------

+--------------------------------------------------------------------------------------------+-------------------------------------------------------------------+-----------------+
| Clock                                                                                      | Domain                                                            | Constraint (ns) |
+--------------------------------------------------------------------------------------------+-------------------------------------------------------------------+-----------------+
| DDS_i/mdm_1/U0/Use_E2.BSCAN_I/Use_E2.BSCANE2_I/DRCK                                        | DDS_i/mdm_1/U0/Use_E2.BSCAN_I/DRCK                                |            33.3 |
| DDS_i/mdm_1/U0/Use_E2.BSCAN_I/Use_E2.BSCANE2_I/UPDATE                                      | DDS_i/mdm_1/U0/Use_E2.BSCAN_I/Dbg_Update_0                        |            33.3 |
| clk                                                                                        | clk                                                               |            10.0 |
| clk_out1_DDS_clk_wiz_0_0                                                                   | DDS_i/clk_wiz_0/inst/clk_out1_DDS_clk_wiz_0_0                     |            10.0 |
| clk_out1_DDS_clk_wiz_0_0_1                                                                 | DDS_i/clk_wiz_0/inst/clk_out1_DDS_clk_wiz_0_0                     |            10.0 |
| clkfbout_DDS_clk_wiz_0_0                                                                   | DDS_i/clk_wiz_0/inst/clkfbout_DDS_clk_wiz_0_0                     |            10.0 |
| clkfbout_DDS_clk_wiz_0_0_1                                                                 | DDS_i/clk_wiz_0/inst/clkfbout_DDS_clk_wiz_0_0                     |            10.0 |
| dbg_hub/inst/BSCANID.u_xsdbm_id/SWITCH_N_EXT_BSCAN.bscan_inst/SERIES7_BSCAN.bscan_inst/TCK | dbg_hub/inst/BSCANID.u_xsdbm_id/SWITCH_N_EXT_BSCAN.bscan_inst/TCK |            33.0 |
| sys_clk_pin                                                                                | clk                                                               |            10.0 |
+--------------------------------------------------------------------------------------------+-------------------------------------------------------------------+-----------------+


3. Detailed Reports
-------------------

3.1 By Hierarchy
----------------

+-------------------------------+-----------+
| Name                          | Power (W) |
+-------------------------------+-----------+
| DDS_wrapper                   |     0.191 |
|   DDS_i                       |     0.188 |
|     clk_wiz_0                 |     0.106 |
|       inst                    |     0.106 |
|     dds_compiler_0            |     0.001 |
|       U0                      |     0.001 |
|     dds_compiler_1            |     0.001 |
|       U0                      |     0.001 |
|     ila_0                     |     0.023 |
|       inst                    |     0.023 |
|     ila_1                     |     0.023 |
|       inst                    |     0.023 |
|     ila_2                     |     0.023 |
|       inst                    |     0.023 |
|     microblaze_0              |     0.009 |
|       U0                      |     0.009 |
|     microblaze_0_local_memory |     0.001 |
|       lmb_bram                |     0.001 |
|   dbg_hub                     |     0.003 |
|     inst                      |     0.003 |
|       BSCANID.u_xsdbm_id      |     0.003 |
+-------------------------------+-----------+


